#
# There is insufficient memory for the Java Runtime Environment to continue.
# Native memory allocation (malloc) failed to allocate 480336 bytes for Chunk::new
# Possible reasons:
#   The system is out of physical RAM or swap space
#   The process is running with CompressedOops enabled, and the Java Heap may be blocking the growth of the native heap
# Possible solutions:
#   Reduce memory load on the system
#   Increase physical memory or swap space
#   Check if swap backing store is full
#   Decrease Java heap size (-Xmx/-Xms)
#   Decrease number of Java threads
#   Decrease Java thread stack sizes (-Xss)
#   Set larger code cache with -XX:ReservedCodeCacheSize=
#   JVM is running with Unscaled Compressed Oops mode in which the Java heap is
#     placed in the first 4GB address space. The Java Heap base address is the
#     maximum limit for the native heap growth. Please use -XX:HeapBaseMinAddress
#     to set the Java Heap base and to place the Java Heap above 4GB virtual address.
# This output file may be truncated or incomplete.
#
#  Out of Memory Error (t:/workspace/hotspot/src/share/vm/memory/allocation.cpp:372), pid=6672, tid=12652
#
# JRE version: Java(TM) SE Runtime Environment (9.0+11) (build 9.0.4+11)
# Java VM: Java HotSpot(TM) 64-Bit Server VM (9.0.4+11, mixed mode, tiered, compressed oops, g1 gc, windows-amd64)
# No core dump will be written. Minidumps are not enabled by default on client versions of Windows
#

---------------  S U M M A R Y ------------

Command Line: -Dclassworlds.conf=D:\Program Files\apache-maven-3.8.5\bin\m2.conf -Dmaven.home=D:\Program Files\apache-maven-3.8.5 -Dlibrary.jansi.path=D:\Program Files\apache-maven-3.8.5\lib\jansi-native -Dmaven.multiModuleProjectDirectory=D:\User\Documentos\NetBeansProjects\CursoSprinBoot\demo org.codehaus.plexus.classworlds.launcher.Launcher spring-boot:run

Host: Intel(R) Core(TM) i5-6200U CPU @ 2.30GHz, 4 cores, 7G,  Windows 10 , 64 bit Build 19041 (10.0.19041.2251)
Time: Wed Nov 09 17:30:24 2022 Hora est. Pacífico, Sudamérica elapsed time: 7 seconds (0d 0h 0m 7s)

---------------  T H R E A D  ---------------

Current thread (0x000001eeb384d000):  JavaThread "C2 CompilerThread1" daemon [_thread_in_native, id=12652, stack(0x00000059c8200000,0x00000059c8300000)]


Current CompileTask:
C2:   7820 4610       4       java.net.URLStreamHandler::parseURL (1201 bytes)

Stack: [0x00000059c8200000,0x00000059c8300000]
Native frames: (J=compiled Java code, j=interpreted, Vv=VM code, C=native code)
V  [jvm.dll+0x587068]
V  [jvm.dll+0x69c25e]
V  [jvm.dll+0x69d17a]
V  [jvm.dll+0x69d7b3]
V  [jvm.dll+0x21d198]
V  [jvm.dll+0xa7aac]
V  [jvm.dll+0xa83ec]
V  [jvm.dll+0x320ef5]
V  [jvm.dll+0x17b517]
V  [jvm.dll+0x1e9bed]
V  [jvm.dll+0x1e8d86]
V  [jvm.dll+0x1691cb]
V  [jvm.dll+0x1f6570]
V  [jvm.dll+0x1f51f6]
V  [jvm.dll+0x66b44f]
V  [jvm.dll+0x586490]
C  [msvcr120.dll+0x24f7f]
C  [msvcr120.dll+0x25126]
C  [KERNEL32.DLL+0x174b4]
C  [ntdll.dll+0x526a1]


---------------  P R O C E S S  ---------------

Java Threads: ( => current thread )
  0x000001eeb3b42800 JavaThread "Service Thread" daemon [_thread_blocked, id=7772, stack(0x00000059c8600000,0x00000059c8700000)]
  0x000001eeb38e3000 JavaThread "Common-Cleaner" daemon [_thread_blocked, id=13016, stack(0x00000059c8500000,0x00000059c8600000)]
  0x000001eeb38df000 JavaThread "Sweeper thread" daemon [_thread_blocked, id=6336, stack(0x00000059c8400000,0x00000059c8500000)]
  0x000001eeb3876800 JavaThread "C1 CompilerThread2" daemon [_thread_blocked, id=1876, stack(0x00000059c8300000,0x00000059c8400000)]
=>0x000001eeb384d000 JavaThread "C2 CompilerThread1" daemon [_thread_in_native, id=12652, stack(0x00000059c8200000,0x00000059c8300000)]
  0x000001eeb3846000 JavaThread "C2 CompilerThread0" daemon [_thread_blocked, id=7720, stack(0x00000059c8100000,0x00000059c8200000)]
  0x000001eeb3845800 JavaThread "Attach Listener" daemon [_thread_blocked, id=2332, stack(0x00000059c8000000,0x00000059c8100000)]
  0x000001eeb3844800 JavaThread "Signal Dispatcher" daemon [_thread_blocked, id=10296, stack(0x00000059c7f00000,0x00000059c8000000)]
  0x000001eeb37f9800 JavaThread "Finalizer" daemon [_thread_blocked, id=9484, stack(0x00000059c7e00000,0x00000059c7f00000)]
  0x000001eeb37f6000 JavaThread "Reference Handler" daemon [_thread_blocked, id=2528, stack(0x00000059c7d00000,0x00000059c7e00000)]
  0x000001ee904af000 JavaThread "main" [_thread_blocked, id=1388, stack(0x00000059c7000000,0x00000059c7100000)]

Other Threads:
  0x000001eeb37e2800 VMThread "VM Thread" [stack: 0x00000059c7c00000,0x00000059c7d00000] [id=12284]
  0x000001eeb3b46000 WatcherThread [stack: 0x00000059c8700000,0x00000059c8800000] [id=10948]
  0x000001ee904c7000 GCTaskThread "GC Thread#0" [stack: 0x00000059c7100000,0x00000059c7200000] [id=12408]
  0x000001ee904c8000 GCTaskThread "GC Thread#1" [stack: 0x00000059c7200000,0x00000059c7300000] [id=512]
  0x000001ee904ca000 GCTaskThread "GC Thread#2" [stack: 0x00000059c7300000,0x00000059c7400000] [id=13752]
  0x000001ee904cc000 GCTaskThread "GC Thread#3" [stack: 0x00000059c7400000,0x00000059c7500000] [id=12452]
  0x000001ee9053f800 ConcurrentGCThread "G1 Main Marker" [stack: 0x00000059c7a00000,0x00000059c7b00000] [id=7684]
  0x000001ee90540800 ConcurrentGCThread "G1 Marker#0" [stack: 0x00000059c7b00000,0x00000059c7c00000] [id=3400]
  0x000001ee904d5800 ConcurrentGCThread "G1 Refine#0" [stack: 0x00000059c7800000,0x00000059c7900000] [id=13232]
  0x000001ee904d3000 ConcurrentGCThread "G1 Refine#1" [stack: 0x00000059c7700000,0x00000059c7800000] [id=5320]
  0x000001ee904d1800 ConcurrentGCThread "G1 Refine#2" [stack: 0x00000059c7600000,0x00000059c7700000] [id=8244]
  0x000001ee904cd800 ConcurrentGCThread "G1 Refine#3" [stack: 0x00000059c7500000,0x00000059c7600000] [id=11912]
  0x000001ee904d7800 ConcurrentGCThread "G1 Young RemSet Sampling" [stack: 0x00000059c7900000,0x00000059c7a00000] [id=9084]

Threads with active compile tasks:
C2 CompilerThread14610       4       java.net.URLStreamHandler::parseURL (1201 bytes)

VM state:at safepoint (normal execution)

VM Mutex/Monitor currently owned by a thread:  ([mutex/lock_event])
[0x000001ee9047d860] FreeList_lock - owner thread: 0x000001eeb37e2800
[0x000001ee904ab940] Threads_lock - owner thread: 0x000001eeb37e2800
[0x000001ee904ac990] Heap_lock - owner thread: 0x000001ee904af000

Heap address: 0x0000000081800000, size: 2024 MB, Compressed Oops mode: 32-bit
Narrow klass base: 0x0000000000000000, Narrow klass shift: 3
Compressed class space size: 1073741824 Address: 0x0000000100000000

Heap:
 garbage-first heap   total 169984K, used 152631K [0x0000000081800000, 0x0000000081900530, 0x0000000100000000)
  region size 1024K, 99 young (101376K), 12 survivors (12288K)
 Metaspace       used 30809K, capacity 31860K, committed 32000K, reserved 1077248K
  class space    used 3318K, capacity 3572K, committed 3584K, reserved 1048576K
Heap Regions: E=young(eden), S=young(survivor), O=old, HS=humongous(starts), HC=humongous(continues), CS=collection set, F=free, A=archive, TS=gc time stamp, AC=allocation context, TAMS=top-at-mark-start (previous, next)
|   0|0x0000000081800000, 0x0000000081900000, 0x0000000081900000|100%| O|  |TS  0|AC  0|TAMS 0x0000000081900000, 0x0000000081900000|
|   1|0x0000000081900000, 0x0000000081a00000, 0x0000000081a00000|100%| O|  |TS  0|AC  0|TAMS 0x0000000081a00000, 0x0000000081a00000|
|   2|0x0000000081a00000, 0x0000000081b00000, 0x0000000081b00000|100%| O|  |TS  0|AC  0|TAMS 0x0000000081b00000, 0x0000000081b00000|
|   3|0x0000000081b00000, 0x0000000081c00000, 0x0000000081c00000|100%| O|  |TS  0|AC  0|TAMS 0x0000000081c00000, 0x0000000081c00000|
|   4|0x0000000081c00000, 0x0000000081d00000, 0x0000000081d00000|100%| O|  |TS  0|AC  0|TAMS 0x0000000081d00000, 0x0000000081d00000|
|   5|0x0000000081d00000, 0x0000000081e00000, 0x0000000081e00000|100%| S|  |TS  1|AC  0|TAMS 0x0000000081d00000, 0x0000000081d00000|
|   6|0x0000000081e00000, 0x0000000081f00000, 0x0000000081f00000|100%| S|  |TS  1|AC  0|TAMS 0x0000000081e00000, 0x0000000081e00000|
|   7|0x0000000081f00000, 0x0000000082000000, 0x0000000082000000|100%| O|  |TS  0|AC  0|TAMS 0x0000000082000000, 0x0000000082000000|
|   8|0x0000000082000000, 0x0000000082100000, 0x0000000082100000|100%| O|  |TS  0|AC  0|TAMS 0x0000000082100000, 0x0000000082100000|
|   9|0x0000000082100000, 0x0000000082200000, 0x0000000082200000|100%| O|  |TS  0|AC  0|TAMS 0x0000000082200000, 0x0000000082200000|
|  10|0x0000000082200000, 0x0000000082300000, 0x0000000082300000|100%| O|  |TS  0|AC  0|TAMS 0x0000000082300000, 0x0000000082300000|
|  11|0x0000000082300000, 0x0000000082400000, 0x0000000082400000|100%| O|  |TS  1|AC  0|TAMS 0x0000000082397200, 0x0000000082397200|
|  12|0x0000000082400000, 0x0000000082500000, 0x0000000082500000|100%|HS|  |TS  0|AC  0|TAMS 0x0000000082400000, 0x0000000082400000|
|  13|0x0000000082500000, 0x0000000082600000, 0x0000000082600000|100%|HC|  |TS  0|AC  0|TAMS 0x0000000082500000, 0x0000000082500000|
|  14|0x0000000082600000, 0x0000000082700000, 0x0000000082700000|100%|HC|  |TS  0|AC  0|TAMS 0x0000000082600000, 0x0000000082600000|
|  15|0x0000000082700000, 0x0000000082800000, 0x0000000082800000|100%|HC|  |TS  0|AC  0|TAMS 0x0000000082700000, 0x0000000082700000|
|  16|0x0000000082800000, 0x0000000082900000, 0x0000000082900000|100%|HC|  |TS  0|AC  0|TAMS 0x0000000082800000, 0x0000000082800000|
|  17|0x0000000082900000, 0x0000000082a00000, 0x0000000082a00000|100%|HC|  |TS  0|AC  0|TAMS 0x0000000082900000, 0x0000000082900000|
|  18|0x0000000082a00000, 0x0000000082b00000, 0x0000000082b00000|100%|HC|  |TS  0|AC  0|TAMS 0x0000000082a00000, 0x0000000082a00000|
|  19|0x0000000082b00000, 0x0000000082c00000, 0x0000000082c00000|100%|HC|  |TS  0|AC  0|TAMS 0x0000000082b00000, 0x0000000082b00000|
|  20|0x0000000082c00000, 0x0000000082d00000, 0x0000000082d00000|100%|HS|  |TS  0|AC  0|TAMS 0x0000000082c00000, 0x0000000082c00000|
|  21|0x0000000082d00000, 0x0000000082e00000, 0x0000000082e00000|100%|HC|  |TS  0|AC  0|TAMS 0x0000000082d00000, 0x0000000082d00000|
|  22|0x0000000082e00000, 0x0000000082f00000, 0x0000000082f00000|100%|HC|  |TS  0|AC  0|TAMS 0x0000000082e00000, 0x0000000082e00000|
|  23|0x0000000082f00000, 0x0000000083000000, 0x0000000083000000|100%|HC|  |TS  0|AC  0|TAMS 0x0000000082f00000, 0x0000000082f00000|
|  24|0x0000000083000000, 0x0000000083100000, 0x0000000083100000|100%|HC|  |TS  0|AC  0|TAMS 0x0000000083000000, 0x0000000083000000|
|  25|0x0000000083100000, 0x0000000083200000, 0x0000000083200000|100%|HC|  |TS  0|AC  0|TAMS 0x0000000083100000, 0x0000000083100000|
|  26|0x0000000083200000, 0x0000000083300000, 0x0000000083300000|100%|HC|  |TS  0|AC  0|TAMS 0x0000000083200000, 0x0000000083200000|
|  27|0x0000000083300000, 0x0000000083400000, 0x0000000083400000|100%|HC|  |TS  0|AC  0|TAMS 0x0000000083300000, 0x0000000083300000|
|  28|0x0000000083400000, 0x0000000083500000, 0x0000000083500000|100%|HC|  |TS  0|AC  0|TAMS 0x0000000083400000, 0x0000000083400000|
|  29|0x0000000083500000, 0x0000000083600000, 0x0000000083600000|100%|HC|  |TS  0|AC  0|TAMS 0x0000000083500000, 0x0000000083500000|
|  30|0x0000000083600000, 0x0000000083700000, 0x0000000083700000|100%|HC|  |TS  0|AC  0|TAMS 0x0000000083600000, 0x0000000083600000|
|  31|0x0000000083700000, 0x0000000083800000, 0x0000000083800000|100%|HC|  |TS  0|AC  0|TAMS 0x0000000083700000, 0x0000000083700000|
|  32|0x0000000083800000, 0x0000000083900000, 0x0000000083900000|100%|HS|  |TS  0|AC  0|TAMS 0x0000000083800000, 0x0000000083800000|
|  33|0x0000000083900000, 0x0000000083a00000, 0x0000000083a00000|100%|HC|  |TS  0|AC  0|TAMS 0x0000000083900000, 0x0000000083900000|
|  34|0x0000000083a00000, 0x0000000083b00000, 0x0000000083b00000|100%|HC|  |TS  0|AC  0|TAMS 0x0000000083a00000, 0x0000000083a00000|
|  35|0x0000000083b00000, 0x0000000083c00000, 0x0000000083c00000|100%|HC|  |TS  0|AC  0|TAMS 0x0000000083b00000, 0x0000000083b00000|
|  36|0x0000000083c00000, 0x0000000083d00000, 0x0000000083d00000|100%|HC|  |TS  0|AC  0|TAMS 0x0000000083c00000, 0x0000000083c00000|
|  37|0x0000000083d00000, 0x0000000083e00000, 0x0000000083e00000|100%|HC|  |TS  0|AC  0|TAMS 0x0000000083d00000, 0x0000000083d00000|
|  38|0x0000000083e00000, 0x0000000083f00000, 0x0000000083f00000|100%|HC|  |TS  0|AC  0|TAMS 0x0000000083e00000, 0x0000000083e00000|
|  39|0x0000000083f00000, 0x0000000084000000, 0x0000000084000000|100%|HC|  |TS  0|AC  0|TAMS 0x0000000083f00000, 0x0000000083f00000|
|  40|0x0000000084000000, 0x0000000084100000, 0x0000000084100000|100%|HC|  |TS  0|AC  0|TAMS 0x0000000084000000, 0x0000000084000000|
|  41|0x0000000084100000, 0x0000000084200000, 0x0000000084200000|100%|HC|  |TS  0|AC  0|TAMS 0x0000000084100000, 0x0000000084100000|
|  42|0x0000000084200000, 0x0000000084300000, 0x0000000084300000|100%|HC|  |TS  0|AC  0|TAMS 0x0000000084200000, 0x0000000084200000|
|  43|0x0000000084300000, 0x0000000084400000, 0x0000000084400000|100%|HC|  |TS  0|AC  0|TAMS 0x0000000084300000, 0x0000000084300000|
|  44|0x0000000084400000, 0x0000000084500000, 0x0000000084500000|100%|HS|  |TS  0|AC  0|TAMS 0x0000000084400000, 0x0000000084400000|
|  45|0x0000000084500000, 0x0000000084600000, 0x0000000084600000|100%|HC|  |TS  0|AC  0|TAMS 0x0000000084500000, 0x0000000084500000|
|  46|0x0000000084600000, 0x0000000084700000, 0x0000000084700000|100%|HC|  |TS  0|AC  0|TAMS 0x0000000084600000, 0x0000000084600000|
|  47|0x0000000084700000, 0x0000000084800000, 0x0000000084800000|100%|HC|  |TS  0|AC  0|TAMS 0x0000000084700000, 0x0000000084700000|
|  48|0x0000000084800000, 0x0000000084900000, 0x0000000084900000|100%|HC|  |TS  0|AC  0|TAMS 0x0000000084800000, 0x0000000084800000|
|  49|0x0000000084900000, 0x0000000084a00000, 0x0000000084a00000|100%|HC|  |TS  0|AC  0|TAMS 0x0000000084900000, 0x0000000084900000|
|  50|0x0000000084a00000, 0x0000000084b00000, 0x0000000084b00000|100%|HC|  |TS  0|AC  0|TAMS 0x0000000084a00000, 0x0000000084a00000|
|  51|0x0000000084b00000, 0x0000000084c00000, 0x0000000084c00000|100%|HC|  |TS  0|AC  0|TAMS 0x0000000084b00000, 0x0000000084b00000|
|  52|0x0000000084c00000, 0x0000000084d00000, 0x0000000084d00000|100%|HS|  |TS  0|AC  0|TAMS 0x0000000084c00000, 0x0000000084c00000|
|  53|0x0000000084d00000, 0x0000000084e00000, 0x0000000084e00000|100%|HC|  |TS  0|AC  0|TAMS 0x0000000084d00000, 0x0000000084d00000|
|  54|0x0000000084e00000, 0x0000000084f00000, 0x0000000084f00000|100%|HC|  |TS  0|AC  0|TAMS 0x0000000084e00000, 0x0000000084e00000|
|  55|0x0000000084f00000, 0x0000000085000000, 0x0000000085000000|100%|HC|  |TS  0|AC  0|TAMS 0x0000000084f00000, 0x0000000084f00000|
|  56|0x0000000085000000, 0x0000000085100000, 0x0000000085100000|100%|HC|  |TS  0|AC  0|TAMS 0x0000000085000000, 0x0000000085000000|
|  57|0x0000000085100000, 0x0000000085200000, 0x0000000085200000|100%|HC|  |TS  0|AC  0|TAMS 0x0000000085100000, 0x0000000085100000|
|  58|0x0000000085200000, 0x0000000085300000, 0x0000000085300000|100%|HC|  |TS  0|AC  0|TAMS 0x0000000085200000, 0x0000000085200000|
|  59|0x0000000085300000, 0x0000000085400000, 0x0000000085400000|100%|HC|  |TS  0|AC  0|TAMS 0x0000000085300000, 0x0000000085300000|
|  60|0x0000000085400000, 0x0000000085500000, 0x0000000085500000|100%| S|  |TS  1|AC  0|TAMS 0x0000000085400000, 0x0000000085400000|
|  61|0x0000000085500000, 0x0000000085600000, 0x0000000085600000|100%| S|  |TS  1|AC  0|TAMS 0x0000000085500000, 0x0000000085500000|
|  62|0x0000000085600000, 0x0000000085700000, 0x0000000085700000|100%| E|CS|TS  0|AC  0|TAMS 0x0000000085600000, 0x0000000085600000|
|  63|0x0000000085700000, 0x0000000085800000, 0x0000000085800000|100%| E|CS|TS  0|AC  0|TAMS 0x0000000085700000, 0x0000000085700000|
|  64|0x0000000085800000, 0x0000000085900000, 0x0000000085900000|100%| E|CS|TS  0|AC  0|TAMS 0x0000000085800000, 0x0000000085800000|
|  65|0x0000000085900000, 0x0000000085a00000, 0x0000000085a00000|100%| E|CS|TS  0|AC  0|TAMS 0x0000000085900000, 0x0000000085900000|
|  66|0x0000000085a00000, 0x0000000085b00000, 0x0000000085b00000|100%| E|CS|TS  0|AC  0|TAMS 0x0000000085a00000, 0x0000000085a00000|
|  67|0x0000000085b00000, 0x0000000085c00000, 0x0000000085c00000|100%| E|CS|TS  0|AC  0|TAMS 0x0000000085b00000, 0x0000000085b00000|
|  68|0x0000000085c00000, 0x0000000085d00000, 0x0000000085d00000|100%| E|CS|TS  0|AC  0|TAMS 0x0000000085c00000, 0x0000000085c00000|
|  69|0x0000000085d00000, 0x0000000085d76b00, 0x0000000085e00000| 46%| E|CS|TS  0|AC  0|TAMS 0x0000000085d00000, 0x0000000085d00000|
|  70|0x0000000085e00000, 0x0000000085f00000, 0x0000000085f00000|100%| E|CS|TS  0|AC  0|TAMS 0x0000000085e00000, 0x0000000085e00000|
|  71|0x0000000085f00000, 0x0000000086000000, 0x0000000086000000|100%| E|CS|TS  0|AC  0|TAMS 0x0000000085f00000, 0x0000000085f00000|
|  72|0x0000000086000000, 0x0000000086100000, 0x0000000086100000|100%| E|CS|TS  0|AC  0|TAMS 0x0000000086000000, 0x0000000086000000|
|  73|0x0000000086100000, 0x0000000086200000, 0x0000000086200000|100%| E|CS|TS  0|AC  0|TAMS 0x0000000086100000, 0x0000000086100000|
|  74|0x0000000086200000, 0x0000000086300000, 0x0000000086300000|100%| E|CS|TS  0|AC  0|TAMS 0x0000000086200000, 0x0000000086200000|
|  75|0x0000000086300000, 0x0000000086400000, 0x0000000086400000|100%| E|CS|TS  0|AC  0|TAMS 0x0000000086300000, 0x0000000086300000|
|  76|0x0000000086400000, 0x0000000086500000, 0x0000000086500000|100%| E|CS|TS  0|AC  0|TAMS 0x0000000086400000, 0x0000000086400000|
|  77|0x0000000086500000, 0x0000000086600000, 0x0000000086600000|100%| E|CS|TS  0|AC  0|TAMS 0x0000000086500000, 0x0000000086500000|
|  78|0x0000000086600000, 0x0000000086700000, 0x0000000086700000|100%| E|CS|TS  0|AC  0|TAMS 0x0000000086600000, 0x0000000086600000|
|  79|0x0000000086700000, 0x0000000086800000, 0x0000000086800000|100%| E|CS|TS  0|AC  0|TAMS 0x0000000086700000, 0x0000000086700000|
|  80|0x0000000086800000, 0x0000000086900000, 0x0000000086900000|100%| E|CS|TS  0|AC  0|TAMS 0x0000000086800000, 0x0000000086800000|
|  81|0x0000000086900000, 0x0000000086a00000, 0x0000000086a00000|100%| E|CS|TS  0|AC  0|TAMS 0x0000000086900000, 0x0000000086900000|
|  82|0x0000000086a00000, 0x0000000086b00000, 0x0000000086b00000|100%| E|CS|TS  0|AC  0|TAMS 0x0000000086a00000, 0x0000000086a00000|
|  83|0x0000000086b00000, 0x0000000086c00000, 0x0000000086c00000|100%| E|CS|TS  0|AC  0|TAMS 0x0000000086b00000, 0x0000000086b00000|
|  84|0x0000000086c00000, 0x0000000086d00000, 0x0000000086d00000|100%| E|CS|TS  0|AC  0|TAMS 0x0000000086c00000, 0x0000000086c00000|
|  85|0x0000000086d00000, 0x0000000086e00000, 0x0000000086e00000|100%| E|CS|TS  0|AC  0|TAMS 0x0000000086d00000, 0x0000000086d00000|
|  86|0x0000000086e00000, 0x0000000086f00000, 0x0000000086f00000|100%| E|CS|TS  0|AC  0|TAMS 0x0000000086e00000, 0x0000000086e00000|
|  87|0x0000000086f00000, 0x0000000087000000, 0x0000000087000000|100%| E|CS|TS  0|AC  0|TAMS 0x0000000086f00000, 0x0000000086f00000|
|  88|0x0000000087000000, 0x0000000087100000, 0x0000000087100000|100%| E|CS|TS  0|AC  0|TAMS 0x0000000087000000, 0x0000000087000000|
|  89|0x0000000087100000, 0x0000000087200000, 0x0000000087200000|100%| E|CS|TS  0|AC  0|TAMS 0x0000000087100000, 0x0000000087100000|
|  90|0x0000000087200000, 0x0000000087300000, 0x0000000087300000|100%| E|CS|TS  0|AC  0|TAMS 0x0000000087200000, 0x0000000087200000|
|  91|0x0000000087300000, 0x0000000087400000, 0x0000000087400000|100%| E|CS|TS  0|AC  0|TAMS 0x0000000087300000, 0x0000000087300000|
|  92|0x0000000087400000, 0x0000000087500000, 0x0000000087500000|100%| E|CS|TS  0|AC  0|TAMS 0x0000000087400000, 0x0000000087400000|
|  93|0x0000000087500000, 0x0000000087600000, 0x0000000087600000|100%| E|CS|TS  0|AC  0|TAMS 0x0000000087500000, 0x0000000087500000|
|  94|0x0000000087600000, 0x0000000087700000, 0x0000000087700000|100%| E|CS|TS  0|AC  0|TAMS 0x0000000087600000, 0x0000000087600000|
|  95|0x0000000087700000, 0x0000000087800000, 0x0000000087800000|100%| E|CS|TS  0|AC  0|TAMS 0x0000000087700000, 0x0000000087700000|
|  96|0x0000000087800000, 0x0000000087900000, 0x0000000087900000|100%| E|CS|TS  0|AC  0|TAMS 0x0000000087800000, 0x0000000087800000|
|  97|0x0000000087900000, 0x0000000087a00000, 0x0000000087a00000|100%| E|CS|TS  0|AC  0|TAMS 0x0000000087900000, 0x0000000087900000|
|  98|0x0000000087a00000, 0x0000000087b00000, 0x0000000087b00000|100%| E|CS|TS  0|AC  0|TAMS 0x0000000087a00000, 0x0000000087a00000|
|  99|0x0000000087b00000, 0x0000000087c00000, 0x0000000087c00000|100%| E|CS|TS  0|AC  0|TAMS 0x0000000087b00000, 0x0000000087b00000|
| 100|0x0000000087c00000, 0x0000000087d00000, 0x0000000087d00000|100%| E|CS|TS  0|AC  0|TAMS 0x0000000087c00000, 0x0000000087c00000|
| 101|0x0000000087d00000, 0x0000000087e00000, 0x0000000087e00000|100%| E|CS|TS  0|AC  0|TAMS 0x0000000087d00000, 0x0000000087d00000|
| 102|0x0000000087e00000, 0x0000000087f00000, 0x0000000087f00000|100%| E|CS|TS  0|AC  0|TAMS 0x0000000087e00000, 0x0000000087e00000|
| 103|0x0000000087f00000, 0x0000000088000000, 0x0000000088000000|100%| E|CS|TS  0|AC  0|TAMS 0x0000000087f00000, 0x0000000087f00000|
| 104|0x0000000088000000, 0x0000000088100000, 0x0000000088100000|100%| E|CS|TS  0|AC  0|TAMS 0x0000000088000000, 0x0000000088000000|
| 105|0x0000000088100000, 0x0000000088200000, 0x0000000088200000|100%| E|CS|TS  0|AC  0|TAMS 0x0000000088100000, 0x0000000088100000|
| 106|0x0000000088200000, 0x0000000088300000, 0x0000000088300000|100%| E|CS|TS  0|AC  0|TAMS 0x0000000088200000, 0x0000000088200000|
| 107|0x0000000088300000, 0x0000000088400000, 0x0000000088400000|100%| E|CS|TS  0|AC  0|TAMS 0x0000000088300000, 0x0000000088300000|
| 108|0x0000000088400000, 0x0000000088500000, 0x0000000088500000|100%| E|CS|TS  0|AC  0|TAMS 0x0000000088400000, 0x0000000088400000|
| 109|0x0000000088500000, 0x0000000088600000, 0x0000000088600000|100%| E|CS|TS  0|AC  0|TAMS 0x0000000088500000, 0x0000000088500000|
| 110|0x0000000088600000, 0x0000000088700000, 0x0000000088700000|100%| E|CS|TS  0|AC  0|TAMS 0x0000000088600000, 0x0000000088600000|
| 111|0x0000000088700000, 0x0000000088800000, 0x0000000088800000|100%| E|CS|TS  0|AC  0|TAMS 0x0000000088700000, 0x0000000088700000|
| 112|0x0000000088800000, 0x0000000088900000, 0x0000000088900000|100%| E|CS|TS  0|AC  0|TAMS 0x0000000088800000, 0x0000000088800000|
| 113|0x0000000088900000, 0x0000000088a00000, 0x0000000088a00000|100%| E|CS|TS  0|AC  0|TAMS 0x0000000088900000, 0x0000000088900000|
| 114|0x0000000088a00000, 0x0000000088b00000, 0x0000000088b00000|100%| E|CS|TS  0|AC  0|TAMS 0x0000000088a00000, 0x0000000088a00000|
| 115|0x0000000088b00000, 0x0000000088c00000, 0x0000000088c00000|100%| E|CS|TS  0|AC  0|TAMS 0x0000000088b00000, 0x0000000088b00000|
| 116|0x0000000088c00000, 0x0000000088d00000, 0x0000000088d00000|100%| E|CS|TS  0|AC  0|TAMS 0x0000000088c00000, 0x0000000088c00000|
| 117|0x0000000088d00000, 0x0000000088e00000, 0x0000000088e00000|100%| E|CS|TS  0|AC  0|TAMS 0x0000000088d00000, 0x0000000088d00000|
| 118|0x0000000088e00000, 0x0000000088f00000, 0x0000000088f00000|100%| E|CS|TS  0|AC  0|TAMS 0x0000000088e00000, 0x0000000088e00000|
| 119|0x0000000088f00000, 0x0000000089000000, 0x0000000089000000|100%| E|CS|TS  0|AC  0|TAMS 0x0000000088f00000, 0x0000000088f00000|
| 120|0x0000000089000000, 0x0000000089100000, 0x0000000089100000|100%| E|CS|TS  0|AC  0|TAMS 0x0000000089000000, 0x0000000089000000|
| 121|0x0000000089100000, 0x0000000089200000, 0x0000000089200000|100%| E|CS|TS  0|AC  0|TAMS 0x0000000089100000, 0x0000000089100000|
| 122|0x0000000089200000, 0x0000000089300000, 0x0000000089300000|100%| E|CS|TS  0|AC  0|TAMS 0x0000000089200000, 0x0000000089200000|
| 123|0x0000000089300000, 0x0000000089400000, 0x0000000089400000|100%| E|CS|TS  0|AC  0|TAMS 0x0000000089300000, 0x0000000089300000|
| 124|0x0000000089400000, 0x0000000089500000, 0x0000000089500000|100%| E|CS|TS  0|AC  0|TAMS 0x0000000089400000, 0x0000000089400000|
| 125|0x0000000089500000, 0x0000000089600000, 0x0000000089600000|100%| E|CS|TS  0|AC  0|TAMS 0x0000000089500000, 0x0000000089500000|
| 126|0x0000000089600000, 0x0000000089700000, 0x0000000089700000|100%| E|CS|TS  0|AC  0|TAMS 0x0000000089600000, 0x0000000089600000|
| 127|0x0000000089700000, 0x0000000089800000, 0x0000000089800000|100%| E|CS|TS  0|AC  0|TAMS 0x0000000089700000, 0x0000000089700000|
| 128|0x0000000089800000, 0x0000000089900000, 0x0000000089900000|100%| E|CS|TS  0|AC  0|TAMS 0x0000000089800000, 0x0000000089800000|
| 129|0x0000000089900000, 0x0000000089a00000, 0x0000000089a00000|100%| E|CS|TS  0|AC  0|TAMS 0x0000000089900000, 0x0000000089900000|
| 130|0x0000000089a00000, 0x0000000089b00000, 0x0000000089b00000|100%| E|CS|TS  0|AC  0|TAMS 0x0000000089a00000, 0x0000000089a00000|
| 131|0x0000000089b00000, 0x0000000089c00000, 0x0000000089c00000|100%| E|CS|TS  0|AC  0|TAMS 0x0000000089b00000, 0x0000000089b00000|
| 132|0x0000000089c00000, 0x0000000089d00000, 0x0000000089d00000|100%| E|CS|TS  0|AC  0|TAMS 0x0000000089c00000, 0x0000000089c00000|
| 133|0x0000000089d00000, 0x0000000089e00000, 0x0000000089e00000|100%| E|CS|TS  0|AC  0|TAMS 0x0000000089d00000, 0x0000000089d00000|
| 134|0x0000000089e00000, 0x0000000089f00000, 0x0000000089f00000|100%| E|CS|TS  0|AC  0|TAMS 0x0000000089e00000, 0x0000000089e00000|
| 135|0x0000000089f00000, 0x000000008a000000, 0x000000008a000000|100%| E|CS|TS  0|AC  0|TAMS 0x0000000089f00000, 0x0000000089f00000|
| 136|0x000000008a000000, 0x000000008a100000, 0x000000008a100000|100%| E|CS|TS  0|AC  0|TAMS 0x000000008a000000, 0x000000008a000000|
| 137|0x000000008a100000, 0x000000008a200000, 0x000000008a200000|100%| E|CS|TS  0|AC  0|TAMS 0x000000008a100000, 0x000000008a100000|
| 138|0x000000008a200000, 0x000000008a300000, 0x000000008a300000|100%| E|CS|TS  0|AC  0|TAMS 0x000000008a200000, 0x000000008a200000|
| 139|0x000000008a300000, 0x000000008a400000, 0x000000008a400000|100%| E|CS|TS  0|AC  0|TAMS 0x000000008a300000, 0x000000008a300000|
| 140|0x000000008a400000, 0x000000008a500000, 0x000000008a500000|100%| E|CS|TS  0|AC  0|TAMS 0x000000008a400000, 0x000000008a400000|
| 141|0x000000008a500000, 0x000000008a600000, 0x000000008a600000|100%| E|CS|TS  0|AC  0|TAMS 0x000000008a500000, 0x000000008a500000|
| 142|0x000000008a600000, 0x000000008a700000, 0x000000008a700000|100%| E|CS|TS  0|AC  0|TAMS 0x000000008a600000, 0x000000008a600000|
| 143|0x000000008a700000, 0x000000008a800000, 0x000000008a800000|100%| E|CS|TS  0|AC  0|TAMS 0x000000008a700000, 0x000000008a700000|
| 144|0x000000008a800000, 0x000000008a900000, 0x000000008a900000|100%| E|CS|TS  0|AC  0|TAMS 0x000000008a800000, 0x000000008a800000|
| 145|0x000000008a900000, 0x000000008aa00000, 0x000000008aa00000|100%| E|CS|TS  0|AC  0|TAMS 0x000000008a900000, 0x000000008a900000|
| 146|0x000000008aa00000, 0x000000008ab00000, 0x000000008ab00000|100%| E|CS|TS  0|AC  0|TAMS 0x000000008aa00000, 0x000000008aa00000|
| 147|0x000000008ab00000, 0x000000008ac00000, 0x000000008ac00000|100%| E|CS|TS  0|AC  0|TAMS 0x000000008ab00000, 0x000000008ab00000|
| 148|0x000000008ac00000, 0x000000008ad00000, 0x000000008ad00000|100%| E|CS|TS  0|AC  0|TAMS 0x000000008ac00000, 0x000000008ac00000|
| 149|0x000000008ad00000, 0x000000008ae00000, 0x000000008ae00000|100%| E|CS|TS  0|AC  0|TAMS 0x000000008ad00000, 0x000000008ad00000|
| 150|0x000000008ae00000, 0x000000008af00000, 0x000000008af00000|100%| E|CS|TS  0|AC  0|TAMS 0x000000008ae00000, 0x000000008ae00000|
| 151|0x000000008af00000, 0x000000008b000000, 0x000000008b000000|100%| E|CS|TS  0|AC  0|TAMS 0x000000008af00000, 0x000000008af00000|
| 152|0x000000008b000000, 0x000000008b100000, 0x000000008b100000|100%| E|CS|TS  0|AC  0|TAMS 0x000000008b000000, 0x000000008b000000|
| 153|0x000000008b100000, 0x000000008b200000, 0x000000008b200000|100%| E|CS|TS  0|AC  0|TAMS 0x000000008b100000, 0x000000008b100000|
| 154|0x000000008b200000, 0x000000008b300000, 0x000000008b300000|100%| S|  |TS  1|AC  0|TAMS 0x000000008b200000, 0x000000008b200000|
| 155|0x000000008b300000, 0x000000008b400000, 0x000000008b400000|100%| S|  |TS  1|AC  0|TAMS 0x000000008b300000, 0x000000008b300000|
| 156|0x000000008b400000, 0x000000008b500000, 0x000000008b500000|100%| S|  |TS  1|AC  0|TAMS 0x000000008b400000, 0x000000008b400000|
| 157|0x000000008b500000, 0x000000008b600000, 0x000000008b600000|100%| S|  |TS  1|AC  0|TAMS 0x000000008b500000, 0x000000008b500000|
| 158|0x000000008b600000, 0x000000008b700000, 0x000000008b700000|100%| S|  |TS  1|AC  0|TAMS 0x000000008b600000, 0x000000008b600000|
| 159|0x000000008b700000, 0x000000008b800000, 0x000000008b800000|100%| S|  |TS  1|AC  0|TAMS 0x000000008b700000, 0x000000008b700000|
| 160|0x000000008b800000, 0x000000008b900000, 0x000000008b900000|100%| S|  |TS  1|AC  0|TAMS 0x000000008b800000, 0x000000008b800000|
| 161|0x000000008b900000, 0x000000008ba00000, 0x000000008ba00000|100%| S|  |TS  1|AC  0|TAMS 0x000000008b900000, 0x000000008b900000|
| 162|0x000000008ba00000, 0x000000008bb00000, 0x000000008bb00000|100%| O|  |TS  1|AC  0|TAMS 0x000000008ba00000, 0x000000008ba00000|
| 163|0x000000008bb00000, 0x000000008bc00000, 0x000000008bc00000|100%| O|  |TS  1|AC  0|TAMS 0x000000008bb00000, 0x000000008bb00000|
| 164|0x000000008bc00000, 0x000000008bd00000, 0x000000008bd00000|100%| O|  |TS  1|AC  0|TAMS 0x000000008bc00000, 0x000000008bc00000|

Card table byte_map: [0x000001eeac200000,0x000001eeac600000] byte_map_base: 0x000001eeabdf4000

Marking Bits (Prev, Next): (CMBitMap*) 0x000001ee9053ebf8, (CMBitMap*) 0x000001ee9053ebc0
 Prev Bits: [0x000001eeae9a0000, 0x000001eeb0940000)
 Next Bits: [0x000001eeaca00000, 0x000001eeae9a0000)

Polling page: 0x000001ee90570000

CodeHeap 'non-profiled nmethods': size=120064Kb used=2574Kb max_used=2574Kb free=117489Kb
 bounds [0x000001eea3f90000, 0x000001eea4220000, 0x000001eeab4d0000]
CodeHeap 'profiled nmethods': size=120000Kb used=11156Kb max_used=11156Kb free=108844Kb
 bounds [0x000001ee9ca60000, 0x000001ee9d550000, 0x000001eea3f90000]
CodeHeap 'non-nmethods': size=5696Kb used=1282Kb max_used=1334Kb free=4413Kb
 bounds [0x000001ee9c4d0000, 0x000001ee9c740000, 0x000001ee9ca60000]
 total_blobs=6238 nmethods=4675 adapters=376
 compilation: enabled

Compilation events (10 events):
Event: 7.757 Thread 0x000001eeb3876800 4672       3       java.lang.reflect.Constructor::acquireConstructorAccessor (44 bytes)
Event: 7.757 Thread 0x000001eeb3846000 4673       4       sun.net.www.protocol.file.Handler::parseURL (18 bytes)
Event: 7.758 Thread 0x000001eeb3876800 nmethod 4672 0x000001ee9d542c10 code [0x000001ee9d542e00, 0x000001ee9d543520]
Event: 7.758 Thread 0x000001eeb3876800 4674       3       java.net.URLClassLoader::findResource (33 bytes)
Event: 7.759 Thread 0x000001eeb3876800 nmethod 4674 0x000001ee9d543690 code [0x000001ee9d543880, 0x000001ee9d543e40]
Event: 7.759 Thread 0x000001eeb3876800 4675       3       java.net.URLClassLoader$2::run (5 bytes)
Event: 7.759 Thread 0x000001eeb3876800 nmethod 4675 0x000001ee9d544010 code [0x000001ee9d5441e0, 0x000001ee9d544430]
Event: 7.770 Thread 0x000001eeb3846000 nmethod 4673 0x000001eea4213090 code [0x000001eea4213240, 0x000001eea4213748]
Event: 7.775 Thread 0x000001eeb3876800 4676       3       java.io.ByteArrayOutputStream::grow (43 bytes)
Event: 7.776 Thread 0x000001eeb3876800 nmethod 4676 0x000001ee9d544590 code [0x000001ee9d544780, 0x000001ee9d544de0]

GC Heap History (10 events):
Event: 0.973 GC heap after
{Heap after GC invocations=1 (full 0):
 garbage-first heap   total 131072K, used 4684K [0x0000000081800000, 0x0000000081900400, 0x0000000100000000)
  region size 1024K, 2 young (2048K), 2 survivors (2048K)
 Metaspace       used 10123K, capacity 10410K, committed 10624K, reserved 1058816K
  class space    used 956K, capacity 1068K, committed 1152K, reserved 1048576K
}
Event: 1.230 GC heap before
{Heap before GC invocations=1 (full 0):
 garbage-first heap   total 131072K, used 10828K [0x0000000081800000, 0x0000000081900400, 0x0000000100000000)
  region size 1024K, 8 young (8192K), 2 survivors (2048K)
 Metaspace       used 12015K, capacity 12346K, committed 12672K, reserved 1060864K
  class space    used 1216K, capacity 1308K, committed 1408K, reserved 1048576K
}
Event: 1.235 GC heap after
{Heap after GC invocations=2 (full 0):
 garbage-first heap   total 131072K, used 6207K [0x0000000081800000, 0x0000000081900400, 0x0000000100000000)
  region size 1024K, 1 young (1024K), 1 survivors (1024K)
 Metaspace       used 12015K, capacity 12346K, committed 12672K, reserved 1060864K
  class space    used 1216K, capacity 1308K, committed 1408K, reserved 1048576K
}
Event: 1.723 GC heap before
{Heap before GC invocations=2 (full 0):
 garbage-first heap   total 131072K, used 27711K [0x0000000081800000, 0x0000000081900400, 0x0000000100000000)
  region size 1024K, 22 young (22528K), 1 survivors (1024K)
 Metaspace       used 13418K, capacity 13674K, committed 13824K, reserved 1060864K
  class space    used 1383K, capacity 1470K, committed 1536K, reserved 1048576K
}
Event: 1.729 GC heap after
{Heap after GC invocations=3 (full 0):
 garbage-first heap   total 131072K, used 8548K [0x0000000081800000, 0x0000000081900400, 0x0000000100000000)
  region size 1024K, 3 young (3072K), 3 survivors (3072K)
 Metaspace       used 13418K, capacity 13674K, committed 13824K, reserved 1060864K
  class space    used 1383K, capacity 1470K, committed 1536K, reserved 1048576K
}
Event: 3.185 GC heap before
{Heap before GC invocations=3 (full 0):
 garbage-first heap   total 131072K, used 51556K [0x0000000081800000, 0x0000000081900400, 0x0000000100000000)
  region size 1024K, 45 young (46080K), 3 survivors (3072K)
 Metaspace       used 19501K, capacity 19904K, committed 20224K, reserved 1067008K
  class space    used 2104K, capacity 2206K, committed 2304K, reserved 1048576K
}
Event: 3.198 GC heap after
{Heap after GC invocations=4 (full 0):
 garbage-first heap   total 131072K, used 14102K [0x0000000081800000, 0x0000000081900400, 0x0000000100000000)
  region size 1024K, 6 young (6144K), 6 survivors (6144K)
 Metaspace       used 19501K, capacity 19904K, committed 20224K, reserved 1067008K
  class space    used 2104K, capacity 2206K, committed 2304K, reserved 1048576K
}
Event: 4.701 GC heap before
{Heap before GC invocations=4 (full 0):
 garbage-first heap   total 131072K, used 62230K [0x0000000081800000, 0x0000000081900400, 0x0000000100000000)
  region size 1024K, 54 young (55296K), 6 survivors (6144K)
 Metaspace       used 20605K, capacity 21002K, committed 21296K, reserved 1069056K
  class space    used 2167K, capacity 2309K, committed 2432K, reserved 1048576K
}
Event: 4.718 GC heap after
{Heap after GC invocations=5 (full 0):
 garbage-first heap   total 157696K, used 16439K [0x0000000081800000, 0x00000000819004d0, 0x0000000100000000)
  region size 1024K, 5 young (5120K), 5 survivors (5120K)
 Metaspace       used 20605K, capacity 21002K, committed 21296K, reserved 1069056K
  class space    used 2167K, capacity 2309K, committed 2432K, reserved 1048576K
}
Event: 7.780 GC heap before
{Heap before GC invocations=6 (full 0):
 garbage-first heap   total 157696K, used 152631K [0x0000000081800000, 0x00000000819004d0, 0x0000000100000000)
  region size 1024K, 92 young (94208K), 5 survivors (5120K)
 Metaspace       used 30809K, capacity 31860K, committed 32000K, reserved 1077248K
  class space    used 3318K, capacity 3572K, committed 3584K, reserved 1048576K
}

Deoptimization events (10 events):
Event: 7.041 Thread 0x000001ee904af000 Uncommon trap: reason=unstable_if action=reinterpret pc=0x000001eea41d18b8 method=java.time.LocalTime.of(III)Ljava/time/LocalTime; @ 12 c2
Event: 7.173 Thread 0x000001ee904af000 Uncommon trap: reason=unstable_if action=reinterpret pc=0x000001eea41d7748 method=java.nio.file.FileTreeWalker.visit(Ljava/nio/file/Path;ZZ)Ljava/nio/file/FileTreeWalker$Event; @ 84 c2
Event: 7.173 Thread 0x000001ee904af000 Uncommon trap: reason=unstable_if action=reinterpret pc=0x000001eea41dfc60 method=java.nio.file.FileTreeWalker.visit(Ljava/nio/file/Path;ZZ)Ljava/nio/file/FileTreeWalker$Event; @ 53 c2
Event: 7.300 Thread 0x000001ee904af000 Uncommon trap: reason=class_check action=maybe_recompile pc=0x000001eea40a0280 method=java.util.LinkedHashMap.afterNodeInsertion(Z)V @ 15 c2
Event: 7.300 Thread 0x000001ee904af000 Uncommon trap: reason=class_check action=maybe_recompile pc=0x000001eea40a0280 method=java.util.LinkedHashMap.afterNodeInsertion(Z)V @ 15 c2
Event: 7.316 Thread 0x000001ee904af000 Uncommon trap: reason=class_check action=maybe_recompile pc=0x000001eea40a0280 method=java.util.LinkedHashMap.afterNodeInsertion(Z)V @ 15 c2
Event: 7.316 Thread 0x000001ee904af000 Uncommon trap: reason=class_check action=maybe_recompile pc=0x000001eea3fc9aac method=jdk.internal.loader.URLClassPath.getLoader(I)Ljdk/internal/loader/URLClassPath$Loader; @ 94 c2
Event: 7.386 Thread 0x000001ee904af000 Uncommon trap: reason=unstable_if action=reinterpret pc=0x000001eea419a7d0 method=java.lang.String.regionMatches(ILjava/lang/String;II)Z @ 32 c2
Event: 7.559 Thread 0x000001ee904af000 Uncommon trap: reason=bimorphic_or_optimized_type_check action=maybe_recompile pc=0x000001eea413d980 method=java.util.regex.Matcher.match(II)Z @ 121 c2
Event: 7.568 Thread 0x000001ee904af000 Uncommon trap: reason=bimorphic_or_optimized_type_check action=maybe_recompile pc=0x000001eea413d980 method=java.util.regex.Matcher.match(II)Z @ 121 c2

Classes redefined (0 events):
No events

Internal exceptions (10 events):
Event: 7.264 Thread 0x000001ee904af000 Exception <a 'sun/nio/fs/WindowsException'{0x0000000086efa0b0}> (0x0000000086efa0b0) thrown at [t:/workspace/hotspot/src/share/vm/prims/jni.cpp, line 604]
Event: 7.264 Thread 0x000001ee904af000 Exception <a 'sun/nio/fs/WindowsException'{0x0000000086efa490}> (0x0000000086efa490) thrown at [t:/workspace/hotspot/src/share/vm/prims/jni.cpp, line 604]
Event: 7.268 Thread 0x000001ee904af000 Exception <a 'sun/nio/fs/WindowsException'{0x0000000086d08df8}> (0x0000000086d08df8) thrown at [t:/workspace/hotspot/src/share/vm/prims/jni.cpp, line 604]
Event: 7.268 Thread 0x000001ee904af000 Exception <a 'sun/nio/fs/WindowsException'{0x0000000086d091a8}> (0x0000000086d091a8) thrown at [t:/workspace/hotspot/src/share/vm/prims/jni.cpp, line 604]
Event: 7.269 Thread 0x000001ee904af000 Exception <a 'sun/nio/fs/WindowsException'{0x0000000086d17148}> (0x0000000086d17148) thrown at [t:/workspace/hotspot/src/share/vm/prims/jni.cpp, line 604]
Event: 7.269 Thread 0x000001ee904af000 Exception <a 'sun/nio/fs/WindowsException'{0x0000000086d174a8}> (0x0000000086d174a8) thrown at [t:/workspace/hotspot/src/share/vm/prims/jni.cpp, line 604]
Event: 7.281 Thread 0x000001ee904af000 Exception <a 'sun/nio/fs/WindowsException'{0x0000000086d488f8}> (0x0000000086d488f8) thrown at [t:/workspace/hotspot/src/share/vm/prims/jni.cpp, line 604]
Event: 7.281 Thread 0x000001ee904af000 Exception <a 'sun/nio/fs/WindowsException'{0x0000000086d48ca8}> (0x0000000086d48ca8) thrown at [t:/workspace/hotspot/src/share/vm/prims/jni.cpp, line 604]
Event: 7.281 Thread 0x000001ee904af000 Exception <a 'sun/nio/fs/WindowsException'{0x0000000086d49dd0}> (0x0000000086d49dd0) thrown at [t:/workspace/hotspot/src/share/vm/prims/jni.cpp, line 604]
Event: 7.281 Thread 0x000001ee904af000 Exception <a 'sun/nio/fs/WindowsException'{0x0000000086d4a208}> (0x0000000086d4a208) thrown at [t:/workspace/hotspot/src/share/vm/prims/jni.cpp, line 604]

Events (10 events):
Event: 7.559 Thread 0x000001ee904af000 DEOPT PACKING pc=0x000001eea413d980 sp=0x00000059c70fc1a0
Event: 7.559 Thread 0x000001ee904af000 DEOPT UNPACKING pc=0x000001ee9c51df29 sp=0x00000059c70fc138 mode 2
Event: 7.568 Thread 0x000001ee904af000 Uncommon trap: trap_request=0xffffffc6 fr.pc=0x000001eea413d980 relative=0x00000000000002c0
Event: 7.568 Thread 0x000001ee904af000 DEOPT PACKING pc=0x000001eea413d980 sp=0x00000059c70fc140
Event: 7.568 Thread 0x000001ee904af000 DEOPT UNPACKING pc=0x000001ee9c51df29 sp=0x00000059c70fc0d8 mode 2
Event: 7.605 loading class java/util/Vector$1
Event: 7.605 loading class java/util/Vector$1 done
Event: 7.609 loading class java/io/PushbackInputStream
Event: 7.610 loading class java/io/PushbackInputStream done
Event: 7.780 Executing VM operation: G1IncCollectionPause


Dynamic libraries:
0x00007ff708060000 - 0x00007ff70809e000 	C:\Program Files\Java\jdk-9.0.4\bin\java.exe
0x00007fffced10000 - 0x00007fffcef08000 	C:\WINDOWS\SYSTEM32\ntdll.dll
0x00007fffcdd70000 - 0x00007fffcde2f000 	C:\WINDOWS\System32\KERNEL32.DLL
0x00007fffcc410000 - 0x00007fffcc6e2000 	C:\WINDOWS\System32\KERNELBASE.dll
0x00007fffce430000 - 0x00007fffce4de000 	C:\WINDOWS\System32\ADVAPI32.dll
0x00007fffcd8e0000 - 0x00007fffcd97e000 	C:\WINDOWS\System32\msvcrt.dll
0x00007fffcec30000 - 0x00007fffceccc000 	C:\WINDOWS\System32\sechost.dll
0x00007fffcdc40000 - 0x00007fffcdd65000 	C:\WINDOWS\System32\RPCRT4.dll
0x00007fffcd980000 - 0x00007fffcdb1d000 	C:\WINDOWS\System32\USER32.dll
0x00007fffcc930000 - 0x00007fffcc952000 	C:\WINDOWS\System32\win32u.dll
0x00007fffcd7c0000 - 0x00007fffcd7eb000 	C:\WINDOWS\System32\GDI32.dll
0x00007fffcc770000 - 0x00007fffcc87f000 	C:\WINDOWS\System32\gdi32full.dll
0x00007fffcc960000 - 0x00007fffcc9fd000 	C:\WINDOWS\System32\msvcp_win.dll
0x00007fffcca00000 - 0x00007fffccb00000 	C:\WINDOWS\System32\ucrtbase.dll
0x00007fffb9cf0000 - 0x00007fffb9f8a000 	C:\WINDOWS\WinSxS\amd64_microsoft.windows.common-controls_6595b64144ccf1df_6.0.19041.1110_none_60b5254171f9507e\COMCTL32.dll
0x00007fffc8c80000 - 0x00007fffc8c8a000 	C:\WINDOWS\SYSTEM32\VERSION.dll
0x00007fffcd5b0000 - 0x00007fffcd5e2000 	C:\WINDOWS\System32\IMM32.DLL
0x00007fff921a0000 - 0x00007fff9228f000 	C:\Program Files\Java\jdk-9.0.4\bin\msvcr120.dll
0x00007fffa8b00000 - 0x00007fffa8ba6000 	C:\Program Files\Java\jdk-9.0.4\bin\msvcp120.dll
0x0000000067be0000 - 0x0000000068605000 	C:\Program Files\Java\jdk-9.0.4\bin\server\jvm.dll
0x00007fffcd650000 - 0x00007fffcd658000 	C:\WINDOWS\System32\PSAPI.DLL
0x00007fffc04b0000 - 0x00007fffc04b9000 	C:\WINDOWS\SYSTEM32\WSOCK32.dll
0x00007fffce340000 - 0x00007fffce3ab000 	C:\WINDOWS\System32\WS2_32.dll
0x00007fffb97a0000 - 0x00007fffb97c7000 	C:\WINDOWS\SYSTEM32\WINMM.dll
0x00007fffc8480000 - 0x00007fffc848f000 	C:\Program Files\Java\jdk-9.0.4\bin\verify.dll
0x00007fffc22f0000 - 0x00007fffc2317000 	C:\Program Files\Java\jdk-9.0.4\bin\java.dll
0x00007fffc8450000 - 0x00007fffc8466000 	C:\Program Files\Java\jdk-9.0.4\bin\zip.dll
0x00007fffc8420000 - 0x00007fffc842a000 	C:\Program Files\Java\jdk-9.0.4\bin\jimage.dll
0x00007fffce4e0000 - 0x00007fffcec23000 	C:\WINDOWS\System32\SHELL32.dll
0x00007fffca0c0000 - 0x00007fffca852000 	C:\WINDOWS\SYSTEM32\windows.storage.dll
0x00007fffcde30000 - 0x00007fffce184000 	C:\WINDOWS\System32\combase.dll
0x00007fffcbe70000 - 0x00007fffcbea0000 	C:\WINDOWS\SYSTEM32\Wldp.dll
0x00007fffcd330000 - 0x00007fffcd3dd000 	C:\WINDOWS\System32\SHCORE.dll
0x00007fffcdb20000 - 0x00007fffcdb75000 	C:\WINDOWS\System32\shlwapi.dll
0x00007fffcc350000 - 0x00007fffcc36f000 	C:\WINDOWS\SYSTEM32\profapi.dll
0x00007fffc8060000 - 0x00007fffc807a000 	C:\Program Files\Java\jdk-9.0.4\bin\net.dll
0x00007fffc44d0000 - 0x00007fffc45dc000 	C:\WINDOWS\SYSTEM32\WINHTTP.dll
0x00007fffcbbd0000 - 0x00007fffcbc3a000 	C:\WINDOWS\system32\mswsock.dll
0x00007fffc4980000 - 0x00007fffc4991000 	C:\Program Files\Java\jdk-9.0.4\bin\nio.dll
0x0000000069ac0000 - 0x0000000069ae4000 	D:\Program Files\apache-maven-3.8.5\lib\jansi-native\Windows\x86_64\jansi.dll
0x00007fffca930000 - 0x00007fffcab14000 	C:\WINDOWS\SYSTEM32\dbghelp.dll
0x00007fffccb00000 - 0x00007fffccb82000 	C:\WINDOWS\System32\bcryptPrimitives.dll

VM Arguments:
jvm_args: -Dclassworlds.conf=D:\Program Files\apache-maven-3.8.5\bin\m2.conf -Dmaven.home=D:\Program Files\apache-maven-3.8.5 -Dlibrary.jansi.path=D:\Program Files\apache-maven-3.8.5\lib\jansi-native -Dmaven.multiModuleProjectDirectory=D:\User\Documentos\NetBeansProjects\CursoSprinBoot\demo 
java_command: org.codehaus.plexus.classworlds.launcher.Launcher spring-boot:run
java_class_path (initial): D:\Program Files\apache-maven-3.8.5\boot\plexus-classworlds-2.6.0.jar
Launcher Type: SUN_STANDARD

Logging:
Log output configuration:
#0: stdout all=warning uptime,level,tags
#1: stderr all=off uptime,level,tags

Environment Variables:
JAVA_HOME=C:\Program Files\Java\jdk-9.0.4
PATH=C:\ProgramData\Oracle\Java\javapath;C:\WINDOWS\system32;C:\WINDOWS;C:\WINDOWS\System32\Wbem;C:\WINDOWS\System32\WindowsPowerShell\v1.0\;C:\WINDOWS\System32\OpenSSH\;D:\Program Files\Git\cmd;%JAVA_HOME%\bin;C:\Users\USER\AppData\Local\Android\Sdk/tools;C:\Users\USER\AppData\Local\Android\Sdk/platform-tools;C:\Program Files\nodejs\;C:\Program Files\Git\cmd;C:\Program Files (x86)\PuTTY\;C:\Users\USER\AppData\Local\Microsoft\WindowsApps;C:\Users\USER\AppData\Roaming\npm;C:\Users\USER\AppData\Local\Programs\Microsoft VS Code\bin;D:\Program Files\apache-maven-3.8.5\bin;
USERNAME=USER
OS=Windows_NT
PROCESSOR_IDENTIFIER=Intel64 Family 6 Model 78 Stepping 3, GenuineIntel



---------------  S Y S T E M  ---------------

OS: Windows 10 , 64 bit Build 19041 (10.0.19041.2251)

CPU:total 4 (initial active 4) (2 cores per cpu, 2 threads per core) family 6 model 78 stepping 3, cmov, cx8, fxsr, mmx, sse, sse2, sse3, ssse3, sse4.1, sse4.2, popcnt, avx, avx2, aes, clmul, erms, 3dnowpref, lzcnt, ht, tsc, tscinvbit, bmi1, bmi2, adx, fma

Memory: 4k page, physical 8285048k(647428k free), swap 13503352k(5120k free)

vm_info: Java HotSpot(TM) 64-Bit Server VM (9.0.4+11) for windows-amd64 JRE (9.0.4+11), built on Dec 20 2017 02:18:54 by "mach5one" with MS VC++ 12.0 (VS2013)

END.
